E:\SOUICODE\GDIYANZHENGMA\YANZHENGMA\DEBUG\YANZHENGMA.BSC
E:\SOUICODE\GDIYANZHENGMA\YANZHENGMA\DEBUG\YANZHENGMA.EXE
E:\SOUICODE\GDIYANZHENGMA\YANZHENGMA\DEBUG\YANZHENGMA.ILK
E:\SOUICODE\GDIYANZHENGMA\YANZHENGMA\DEBUG\YANZHENGMA.PDB
E:\souicode\gdiyanzhengma\yanzhengma\yanzhengma\Debug\BscMake.command.1.tlog
E:\souicode\gdiyanzhengma\yanzhengma\yanzhengma\Debug\bscmake.read.1.tlog
E:\souicode\gdiyanzhengma\yanzhengma\yanzhengma\Debug\bscmake.write.1.tlog
E:\souicode\gdiyanzhengma\yanzhengma\yanzhengma\Debug\cl.command.1.tlog
E:\souicode\gdiyanzhengma\yanzhengma\yanzhengma\Debug\CL.read.1.tlog
E:\souicode\gdiyanzhengma\yanzhengma\yanzhengma\Debug\CL.write.1.tlog
E:\souicode\gdiyanzhengma\yanzhengma\yanzhengma\Debug\custombuild.command.1.tlog
E:\souicode\gdiyanzhengma\yanzhengma\yanzhengma\Debug\custombuild.read.1.tlog
E:\souicode\gdiyanzhengma\yanzhengma\yanzhengma\Debug\custombuild.write.1.tlog
E:\souicode\gdiyanzhengma\yanzhengma\yanzhengma\Debug\link.14180.read.1.tlog
E:\souicode\gdiyanzhengma\yanzhengma\yanzhengma\Debug\link.14180.write.1.tlog
E:\souicode\gdiyanzhengma\yanzhengma\yanzhengma\Debug\link.14180-cvtres.read.1.tlog
E:\souicode\gdiyanzhengma\yanzhengma\yanzhengma\Debug\link.14180-cvtres.write.1.tlog
E:\souicode\gdiyanzhengma\yanzhengma\yanzhengma\Debug\link.9624.read.1.tlog
E:\souicode\gdiyanzhengma\yanzhengma\yanzhengma\Debug\link.9624.write.1.tlog
E:\souicode\gdiyanzhengma\yanzhengma\yanzhengma\Debug\link.9624-cvtres.read.1.tlog
E:\souicode\gdiyanzhengma\yanzhengma\yanzhengma\Debug\link.9624-cvtres.write.1.tlog
E:\souicode\gdiyanzhengma\yanzhengma\yanzhengma\Debug\link.command.1.tlog
E:\souicode\gdiyanzhengma\yanzhengma\yanzhengma\Debug\link.read.1.tlog
E:\souicode\gdiyanzhengma\yanzhengma\yanzhengma\Debug\link.write.1.tlog
E:\souicode\gdiyanzhengma\yanzhengma\yanzhengma\Debug\link-cvtres.read.1.tlog
E:\souicode\gdiyanzhengma\yanzhengma\yanzhengma\Debug\link-cvtres.write.1.tlog
E:\SOUICODE\GDIYANZHENGMA\YANZHENGMA\YANZHENGMA\DEBUG\MAINDLG.OBJ
E:\SOUICODE\GDIYANZHENGMA\YANZHENGMA\YANZHENGMA\DEBUG\MAINDLG.SBR
E:\souicode\gdiyanzhengma\yanzhengma\yanzhengma\Debug\mt.command.1.tlog
E:\souicode\gdiyanzhengma\yanzhengma\yanzhengma\Debug\mt.read.1.tlog
E:\souicode\gdiyanzhengma\yanzhengma\yanzhengma\Debug\mt.write.1.tlog
E:\souicode\gdiyanzhengma\yanzhengma\yanzhengma\Debug\rc.command.1.tlog
E:\souicode\gdiyanzhengma\yanzhengma\yanzhengma\Debug\rc.read.1.tlog
E:\souicode\gdiyanzhengma\yanzhengma\yanzhengma\Debug\rc.write.1.tlog
E:\SOUICODE\GDIYANZHENGMA\YANZHENGMA\YANZHENGMA\DEBUG\STDAFX.OBJ
E:\SOUICODE\GDIYANZHENGMA\YANZHENGMA\YANZHENGMA\DEBUG\STDAFX.SBR
E:\souicode\gdiyanzhengma\yanzhengma\yanzhengma\Debug\vc100.idb
E:\SOUICODE\GDIYANZHENGMA\YANZHENGMA\YANZHENGMA\DEBUG\VC100.PDB
E:\SOUICODE\GDIYANZHENGMA\YANZHENGMA\YANZHENGMA\DEBUG\YANZHENGMA.EXE.EMBED.MANIFEST
E:\SOUICODE\GDIYANZHENGMA\YANZHENGMA\YANZHENGMA\DEBUG\YANZHENGMA.EXE.EMBED.MANIFEST.RES
E:\SOUICODE\GDIYANZHENGMA\YANZHENGMA\YANZHENGMA\DEBUG\YANZHENGMA.EXE.INTERMEDIATE.MANIFEST
E:\SOUICODE\GDIYANZHENGMA\YANZHENGMA\YANZHENGMA\DEBUG\YANZHENGMA.OBJ
E:\SOUICODE\GDIYANZHENGMA\YANZHENGMA\YANZHENGMA\DEBUG\YANZHENGMA.PCH
E:\SOUICODE\GDIYANZHENGMA\YANZHENGMA\YANZHENGMA\DEBUG\YANZHENGMA.RES
E:\SOUICODE\GDIYANZHENGMA\YANZHENGMA\YANZHENGMA\DEBUG\YANZHENGMA.SBR
E:\souicode\gdiyanzhengma\yanzhengma\yanzhengma\Debug\yanzhengma.write.1.tlog
E:\souicode\gdiyanzhengma\yanzhengma\yanzhengma\Debug\yanzhengma_manifest.rc
E:\SOUICODE\GDIYANZHENGMA\YANZHENGMA\YANZHENGMA\RES\SOUI_RES.RC2
