生成启动时间为 2021/5/29 15:54:00。
     1>项目“E:\souicode\gdiyanzhengma\yanzhengma\yanzhengma\yanzhengma.vcxproj”在节点 2 上(build 个目标)。
     1>InitializeBuildStatus:
         正在创建“Debug\yanzhengma.unsuccessfulbuild”，因为已指定“AlwaysCreate”。
       CustomBuild:
         所有输出均为最新。
       ClCompile:
         所有输出均为最新。
         D:\vs2010\install\VC\bin\CL.exe /c /IE:\souicode\soui.backup\config /IE:\souicode\soui.backup\components /IE:\souicode\soui.backup\SOUI\include /IE:\souicode\soui.backup\utilities\include /ZI /nologo /W3 /WX- /Od /Oy- /D WIN32 /D _WINDOWS /D STRICT /D _DEBUG /D _UNICODE /D UNICODE /Gm /EHsc /RTC1 /MTd /GS /fp:precise /Zc:wchar_t /Zc:forScope /Yu"StdAfx.h" /Fp"Debug\yanzhengma.pch" /Fo"Debug\\" /Fd"Debug\vc100.pdb" /FR"Debug\\" /Gd /TP /analyze- /errorReport:prompt MainDlg.cpp
         MainDlg.cpp
     1>e:\souicode\gdiyanzhengma\yanzhengma\yanzhengma\maindlg.cpp(34): warning C4305: “return”: 从“int”到“bool”截断
     1>e:\souicode\gdiyanzhengma\yanzhengma\yanzhengma\maindlg.cpp(59): warning C4244: “初始化”: 从“double”转换到“int”，可能丢失数据
     1>e:\souicode\gdiyanzhengma\yanzhengma\yanzhengma\maindlg.cpp(71): warning C4018: “<”: 有符号/无符号不匹配
     1>e:\souicode\gdiyanzhengma\yanzhengma\yanzhengma\maindlg.cpp(73): warning C4018: “<”: 有符号/无符号不匹配
     1>e:\souicode\gdiyanzhengma\yanzhengma\yanzhengma\maindlg.cpp(79): warning C4244: “参数”: 从“UINT”转换到“Gdiplus::REAL”，可能丢失数据
     1>e:\souicode\gdiyanzhengma\yanzhengma\yanzhengma\maindlg.cpp(79): warning C4244: “参数”: 从“UINT”转换到“Gdiplus::REAL”，可能丢失数据
     1>e:\souicode\gdiyanzhengma\yanzhengma\yanzhengma\maindlg.cpp(81): warning C4244: “参数”: 从“int”转换到“Gdiplus::REAL”，可能丢失数据
     1>e:\souicode\gdiyanzhengma\yanzhengma\yanzhengma\maindlg.cpp(102): warning C4482: 使用了非标准扩展: 限定名中使用了枚举“Gdiplus::Unit”
     1>e:\souicode\gdiyanzhengma\yanzhengma\yanzhengma\maindlg.cpp(102): warning C4244: “参数”: 从“int”转换到“Gdiplus::REAL”，可能丢失数据
     1>e:\souicode\gdiyanzhengma\yanzhengma\yanzhengma\maindlg.cpp(109): warning C4482: 使用了非标准扩展: 限定名中使用了枚举“Gdiplus::Unit”
     1>e:\souicode\gdiyanzhengma\yanzhengma\yanzhengma\maindlg.cpp(109): warning C4244: “参数”: 从“int”转换到“Gdiplus::REAL”，可能丢失数据
     1>e:\souicode\gdiyanzhengma\yanzhengma\yanzhengma\maindlg.cpp(166): warning C4018: “<”: 有符号/无符号不匹配
     1>e:\souicode\gdiyanzhengma\yanzhengma\yanzhengma\maindlg.cpp(168): warning C4018: “<”: 有符号/无符号不匹配
     1>e:\souicode\gdiyanzhengma\yanzhengma\yanzhengma\maindlg.cpp(182): warning C4244: “参数”: 从“int”转换到“Gdiplus::REAL”，可能丢失数据
     1>e:\souicode\gdiyanzhengma\yanzhengma\yanzhengma\maindlg.cpp(190): warning C4244: “参数”: 从“int”转换到“Gdiplus::REAL”，可能丢失数据
     1>e:\souicode\gdiyanzhengma\yanzhengma\yanzhengma\maindlg.cpp(190): warning C4244: “参数”: 从“int”转换到“Gdiplus::REAL”，可能丢失数据
     1>e:\souicode\gdiyanzhengma\yanzhengma\yanzhengma\maindlg.cpp(191): warning C4244: “参数”: 从“int”转换到“Gdiplus::REAL”，可能丢失数据
     1>e:\souicode\gdiyanzhengma\yanzhengma\yanzhengma\maindlg.cpp(191): warning C4244: “参数”: 从“int”转换到“Gdiplus::REAL”，可能丢失数据
     1>e:\souicode\gdiyanzhengma\yanzhengma\yanzhengma\maindlg.cpp(198): warning C4244: “参数”: 从“int”转换到“Gdiplus::REAL”，可能丢失数据
     1>e:\souicode\gdiyanzhengma\yanzhengma\yanzhengma\maindlg.cpp(198): warning C4244: “参数”: 从“int”转换到“Gdiplus::REAL”，可能丢失数据
     1>e:\souicode\gdiyanzhengma\yanzhengma\yanzhengma\maindlg.cpp(199): warning C4244: “参数”: 从“int”转换到“Gdiplus::REAL”，可能丢失数据
     1>e:\souicode\gdiyanzhengma\yanzhengma\yanzhengma\maindlg.cpp(199): warning C4244: “参数”: 从“int”转换到“Gdiplus::REAL”，可能丢失数据
     1>e:\souicode\gdiyanzhengma\yanzhengma\yanzhengma\maindlg.cpp(207): warning C4244: “参数”: 从“int”转换到“Gdiplus::REAL”，可能丢失数据
     1>e:\souicode\gdiyanzhengma\yanzhengma\yanzhengma\maindlg.cpp(207): warning C4244: “参数”: 从“int”转换到“Gdiplus::REAL”，可能丢失数据
     1>e:\souicode\gdiyanzhengma\yanzhengma\yanzhengma\maindlg.cpp(208): warning C4244: “参数”: 从“Gdiplus::REAL”转换到“INT”，可能丢失数据
     1>e:\souicode\gdiyanzhengma\yanzhengma\yanzhengma\maindlg.cpp(208): warning C4244: “参数”: 从“Gdiplus::REAL”转换到“INT”，可能丢失数据
     1>e:\souicode\gdiyanzhengma\yanzhengma\yanzhengma\maindlg.cpp(224): warning C4482: 使用了非标准扩展: 限定名中使用了枚举“Gdiplus::Status”
       ResourceCompile:
         所有输出均为最新。
       ManifestResourceCompile:
         所有输出均为最新。
       Link:
         D:\vs2010\install\VC\bin\link.exe /ERRORREPORT:PROMPT /OUT:"E:\souicode\gdiyanzhengma\yanzhengma\Debug\yanzhengma.exe" /INCREMENTAL /NOLOGO /LIBPATH:E:\souicode\soui.backup\bin utilitiesd.lib souid.lib kernel32.lib user32.lib gdi32.lib winspool.lib comdlg32.lib advapi32.lib shell32.lib ole32.lib oleaut32.lib uuid.lib odbc32.lib odbccp32.lib /MANIFEST /ManifestFile:"Debug\yanzhengma.exe.intermediate.manifest" /MANIFESTUAC:"level='asInvoker' uiAccess='false'" /DEBUG /PDB:"E:\souicode\gdiyanzhengma\yanzhengma\Debug\yanzhengma.pdb" /SUBSYSTEM:WINDOWS /TLBID:1 /DYNAMICBASE /NXCOMPAT /IMPLIB:"E:\souicode\gdiyanzhengma\yanzhengma\Debug\yanzhengma.lib" /MACHINE:X86 Debug\yanzhengma.res
         Debug\yanzhengma.exe.embed.manifest.res
         Debug\MainDlg.obj
         Debug\stdafx.obj
         Debug\yanzhengma.obj
       Manifest:
         C:\Program Files (x86)\Microsoft SDKs\Windows\v7.0A\bin\mt.exe /nologo /verbose /out:"Debug\yanzhengma.exe.embed.manifest" /manifest Debug\yanzhengma.exe.intermediate.manifest
         所有输出均为最新。
       LinkEmbedManifest:
         所有输出均为最新。
         yanzhengma.vcxproj -> E:\souicode\gdiyanzhengma\yanzhengma\Debug\yanzhengma.exe
       BscMake:
         D:\vs2010\install\VC\bin\bscmake.exe /nologo /o"E:\souicode\gdiyanzhengma\yanzhengma\Debug\yanzhengma.bsc" Debug\MainDlg.sbr Debug\stdafx.sbr Debug\yanzhengma.sbr
       FinalizeBuildStatus:
         正在删除文件“Debug\yanzhengma.unsuccessfulbuild”。
         正在对“Debug\yanzhengma.lastbuildstate”执行 Touch 任务。
     1>已完成生成项目“E:\souicode\gdiyanzhengma\yanzhengma\yanzhengma\yanzhengma.vcxproj”(build 个目标)的操作。

生成成功。

已用时间 00:00:02.06
